<<<<<<< HEAD
2026-02-23 15:36:21,601 [INFO] Opening webcam index: 0
2026-02-23 15:57:10,544 [INFO] Opening webcam index: 0
2026-02-23 16:02:12,521 [INFO] Opening webcam index: 0
2026-02-23 16:02:12,665 [INFO] Started [ENTRY] camera. Press 'q' to quit.
2026-02-23 16:02:22,771 [WARNING] Failed to read frame. Retrying in 2s...
2026-02-23 16:02:24,774 [INFO] Opening webcam index: 0
=======
2026-02-23 18:56:00,346 [INFO] Opening webcam index: 0
2026-02-23 18:56:03,903 [INFO] Started [ENTRY] camera. Press 'q' to quit.
2026-02-23 18:56:04,356 [INFO] Loading license plate detector model...
2026-02-23 18:56:21,703 [INFO] Loading EasyOCR reader...
2026-02-23 18:56:21,711 [WARNING] Downloading detection model, please wait. This may take several minutes depending upon your network connection.
2026-02-23 18:56:38,574 [INFO] Download complete
2026-02-23 18:56:38,574 [WARNING] Downloading recognition model, please wait. This may take several minutes depending upon your network connection.
2026-02-23 18:56:40,219 [INFO] Download complete.
2026-02-23 19:01:57,065 [INFO] Connecting to IP camera: rtsp://admin:pass@192.168.1.100:554/stream
>>>>>>> a8f2e97 (new mistake)
2026-02-25 06:56:52,753 [INFO] Opening webcam index: 0
2026-02-25 06:56:55,731 [INFO] Started [ENTRY] camera. Press 'q' to quit.
2026-02-25 06:56:56,143 [INFO] Loading license plate detector model...
2026-02-25 06:57:07,007 [INFO] Loading EasyOCR reader...
2026-02-25 17:00:29,656 [INFO] Opening webcam index: 0
2026-02-25 17:00:30,263 [INFO] Started [ENTRY] camera. Press 'q' to quit.
2026-02-25 17:00:30,356 [INFO] Loading license plate detector model...
2026-02-25 17:02:33,226 [INFO] Opening webcam index: 0
2026-02-25 17:02:35,991 [INFO] Started [ENTRY] camera. Press 'q' to quit.
2026-02-25 17:02:36,381 [INFO] Loading license plate detector model...
2026-02-25 17:02:40,454 [INFO] Loading EasyOCR reader...
2026-02-25 17:03:18,420 [INFO] Detected: HR35AA7777 (conf=0.74)
2026-02-25 17:03:18,523 [INFO] Detected: HR98AA7777 (conf=0.95)
2026-02-25 17:03:18,973 [INFO] Detected: HR98AA7717 (conf=0.70)
2026-02-25 17:03:19,372 [INFO] Detected: HR98AA7177 (conf=0.61)
